<?xml version="1.0" encoding="UTF-8"?>
<testsuite name="Petid" tests="1" skipped="0" failures="0" errors="0" timestamp="2021-07-01T09:35:58" hostname="DESKTOP-URCF79V" time="3.885">
  <properties/>
  <testcase name="testPetDel()" classname="Petid" time="3.885"/>
  <system-out><![CDATA[{
    "code": 200,
    "type": "unknown",
    "message": "5"
}
]]></system-out>
  <system-err><![CDATA[]]></system-err>
</testsuite>
